# JRE version: OpenJDK Runtime Environment (17.0.6) (build 17.0.6+0-b2043.56-10027231)
# Java VM: OpenJDK 64-Bit Server VM (17.0.6+0-b2043.56-10027231, mixed mode, tiered, compressed oops, compressed class ptrs, g1 gc, windows-amd64)
GC Precious Log:
 CPUs: 4 total, 4 available
 Memory: 6040M
 Large Page Support: Disabled
 NUMA Support: Disabled
 Compressed Oops: Enabled (32-bit)
 Heap Region Size: 1M
 Heap Min Capacity: 8M
 Heap Initial Capacity: 96M
 Heap Max Capacity: 2G
 Pre-touch: Disabled
 Parallel Workers: 4
 Concurrent Workers: 1
 Concurrent Refinement Workers: 4
 Periodic GC: Disabled
Heap:
 garbage-first heap   total 509952K, used 446937K [0x0000000080000000, 0x0000000100000000)
  region size 1024K, 1 young (1024K), 1 survivors (1024K)
 Metaspace       used 151640K, committed 153024K, reserved 1187840K
  class space    used 19648K, committed 20288K, reserved 1048576K
GC Heap History (20 events):
Event: 960.401 GC heap after
{Heap after GC invocations=101 (full 0):
 garbage-first heap   total 509952K, used 372127K [0x0000000080000000, 0x0000000100000000)
  region size 1024K, 9 young (9216K), 9 survivors (9216K)
 Metaspace       used 151149K, committed 152512K, reserved 1187840K
  class space    used 19643K, committed 20288K, reserved 1048576K
}
Event: 1030.800 GC heap before
{Heap before GC invocations=101 (full 0):
 garbage-first heap   total 509952K, used 446879K [0x0000000080000000, 0x0000000100000000)
  region size 1024K, 68 young (69632K), 9 survivors (9216K)
 Metaspace       used 151255K, committed 152640K, reserved 1187840K
  class space    used 19643K, committed 20288K, reserved 1048576K
}
Event: 1030.849 GC heap after
{Heap after GC invocations=102 (full 0):
 garbage-first heap   total 509952K, used 378661K [0x0000000080000000, 0x0000000100000000)
  region size 1024K, 7 young (7168K), 7 survivors (7168K)
 Metaspace       used 151255K, committed 152640K, reserved 1187840K
  class space    used 19643K, committed 20288K, reserved 1048576K
}
Event: 1032.040 GC heap before
{Heap before GC invocations=102 (full 0):
 garbage-first heap   total 509952K, used 437029K [0x0000000080000000, 0x0000000100000000)
  region size 1024K, 63 young (64512K), 7 survivors (7168K)
 Metaspace       used 151273K, committed 152640K, reserved 1187840K
  class space    used 19643K, committed 20288K, reserved 1048576K
}
Event: 1032.083 GC heap after
{Heap after GC invocations=103 (full 0):
 garbage-first heap   total 509952K, used 392928K [0x0000000080000000, 0x0000000100000000)
  region size 1024K, 8 young (8192K), 8 survivors (8192K)
 Metaspace       used 151273K, committed 152640K, reserved 1187840K
  class space    used 19643K, committed 20288K, reserved 1048576K
}
Event: 1032.748 GC heap before
{Heap before GC invocations=103 (full 0):
 garbage-first heap   total 509952K, used 434912K [0x0000000080000000, 0x0000000100000000)
  region size 1024K, 49 young (50176K), 8 survivors (8192K)
 Metaspace       used 151324K, committed 152704K, reserved 1187840K
  class space    used 19643K, committed 20288K, reserved 1048576K
}
Event: 1032.796 GC heap after
{Heap after GC invocations=104 (full 0):
 garbage-first heap   total 509952K, used 398591K [0x0000000080000000, 0x0000000100000000)
  region size 1024K, 7 young (7168K), 7 survivors (7168K)
 Metaspace       used 151324K, committed 152704K, reserved 1187840K
  class space    used 19643K, committed 20288K, reserved 1048576K
}
Event: 1308.871 GC heap before
{Heap before GC invocations=104 (full 0):
 garbage-first heap   total 509952K, used 451839K [0x0000000080000000, 0x0000000100000000)
  region size 1024K, 45 young (46080K), 7 survivors (7168K)
 Metaspace       used 151459K, committed 152832K, reserved 1187840K
  class space    used 19643K, committed 20288K, reserved 1048576K
}
Event: 1308.963 GC heap after
{Heap after GC invocations=105 (full 0):
 garbage-first heap   total 509952K, used 400651K [0x0000000080000000, 0x0000000100000000)
  region size 1024K, 3 young (3072K), 3 survivors (3072K)
 Metaspace       used 151459K, committed 152832K, reserved 1187840K
  class space    used 19643K, committed 20288K, reserved 1048576K
}
Event: 1311.256 GC heap before
{Heap before GC invocations=105 (full 0):
 garbage-first heap   total 509952K, used 438539K [0x0000000080000000, 0x0000000100000000)
  region size 1024K, 41 young (41984K), 3 survivors (3072K)
 Metaspace       used 151552K, committed 152960K, reserved 1187840K
  class space    used 19644K, committed 20288K, reserved 1048576K
}
Event: 1311.282 GC heap after
{Heap after GC invocations=106 (full 0):
 garbage-first heap   total 509952K, used 405504K [0x0000000080000000, 0x0000000100000000)
  region size 1024K, 6 young (6144K), 6 survivors (6144K)
 Metaspace       used 151552K, committed 152960K, reserved 1187840K
  class space    used 19644K, committed 20288K, reserved 1048576K
}
Event: 1312.546 GC heap before
{Heap before GC invocations=106 (full 0):
 garbage-first heap   total 509952K, used 443392K [0x0000000080000000, 0x0000000100000000)
  region size 1024K, 41 young (41984K), 6 survivors (6144K)
 Metaspace       used 151593K, committed 152960K, reserved 1187840K
  class space    used 19644K, committed 20288K, reserved 1048576K
}
Event: 1312.666 GC heap after
{Heap after GC invocations=107 (full 0):
 garbage-first heap   total 509952K, used 425409K [0x0000000080000000, 0x0000000100000000)
  region size 1024K, 6 young (6144K), 6 survivors (6144K)
 Metaspace       used 151593K, committed 152960K, reserved 1187840K
  class space    used 19644K, committed 20288K, reserved 1048576K
}
Event: 1313.492 GC heap before
{Heap before GC invocations=107 (full 0):
 garbage-first heap   total 509952K, used 443841K [0x0000000080000000, 0x0000000100000000)
  region size 1024K, 24 young (24576K), 6 survivors (6144K)
 Metaspace       used 151611K, committed 152960K, reserved 1187840K
  class space    used 19645K, committed 20288K, reserved 1048576K
}
Event: 1313.517 GC heap after
{Heap after GC invocations=108 (full 0):
 garbage-first heap   total 509952K, used 428924K [0x0000000080000000, 0x0000000100000000)
  region size 1024K, 3 young (3072K), 3 survivors (3072K)
 Metaspace       used 151611K, committed 152960K, reserved 1187840K
  class space    used 19645K, committed 20288K, reserved 1048576K
}
Event: 1314.974 GC heap before
{Heap before GC invocations=108 (full 0):
 garbage-first heap   total 509952K, used 456572K [0x0000000080000000, 0x0000000100000000)
  region size 1024K, 24 young (24576K), 3 survivors (3072K)
 Metaspace       used 151640K, committed 153024K, reserved 1187840K
  class space    used 19648K, committed 20288K, reserved 1048576K
}
Event: 1315.008 GC heap after
{Heap after GC invocations=109 (full 0):
 garbage-first heap   total 509952K, used 441751K [0x0000000080000000, 0x0000000100000000)
  region size 1024K, 3 young (3072K), 3 survivors (3072K)
 Metaspace       used 151640K, committed 153024K, reserved 1187840K
  class space    used 19648K, committed 20288K, reserved 1048576K
}
Event: 1315.015 GC heap before
{Heap before GC invocations=109 (full 0):
 garbage-first heap   total 509952K, used 441751K [0x0000000080000000, 0x0000000100000000)
  region size 1024K, 4 young (4096K), 3 survivors (3072K)
 Metaspace       used 151640K, committed 153024K, reserved 1187840K
  class space    used 19648K, committed 20288K, reserved 1048576K
}
Event: 1315.090 GC heap after
{Heap after GC invocations=110 (full 0):
 garbage-first heap   total 509952K, used 443069K [0x0000000080000000, 0x0000000100000000)
  region size 1024K, 1 young (1024K), 1 survivors (1024K)
 Metaspace       used 151640K, committed 153024K, reserved 1187840K
  class space    used 19648K, committed 20288K, reserved 1048576K
}
Event: 1315.474 GC heap before
{Heap before GC invocations=110 (full 0):
 garbage-first heap   total 509952K, used 451261K [0x0000000080000000, 0x0000000100000000)
  region size 1024K, 2 young (2048K), 1 survivors (1024K)
 Metaspace       used 151640K, committed 153024K, reserved 1187840K
  class space    used 19648K, committed 20288K, reserved 1048576K
}

